<html>
<head>
<title>TestNG:  Test in FF</title>
<link href="../testng.css" rel="stylesheet" type="text/css" />
<link href="../my-testng.css" rel="stylesheet" type="text/css" />

<style type="text/css">
.log { display: none;} 
.stack-trace { display: none;} 
</style>
<script type="text/javascript">
<!--
function flip(e) {
  current = e.style.display;
  if (current == 'block') {
    e.style.display = 'none';
    return 0;
  }
  else {
    e.style.display = 'block';
    return 1;
  }
}

function toggleBox(szDivId, elem, msg1, msg2)
{
  var res = -1;  if (document.getElementById) {
    res = flip(document.getElementById(szDivId));
  }
  else if (document.all) {
    // this is the way old msie versions work
    res = flip(document.all[szDivId]);
  }
  if(elem) {
    if(res == 0) elem.innerHTML = msg1; else elem.innerHTML = msg2;
  }

}

function toggleAllBoxes() {
  if (document.getElementsByTagName) {
    d = document.getElementsByTagName('div');
    for (i = 0; i < d.length; i++) {
      if (d[i].className == 'log') {
        flip(d[i]);
      }
    }
  }
}

// -->
</script>

</head>
<body>
<h2 align='center'>Test in FF</h2><table border='1' align="center">
<tr>
<td>Tests passed/Failed/Skipped:</td><td>0/2/0</td>
</tr><tr>
<td>Started on:</td><td>Sun Jun 21 12:51:57 IST 2015</td>
</tr>
<tr><td>Total time:</td><td>11 seconds (11711 ms)</td>
</tr><tr>
<td>Included groups:</td><td></td>
</tr><tr>
<td>Excluded groups:</td><td></td>
</tr>
</table><p/>
<small><i>(Hover the method name to see the test class name)</i></small><p/>
<table width='100%' border='1' class='invocation-failed'>
<tr><td colspan='4' align='center'><b>FAILED TESTS</b></td></tr>
<tr><td><b>Test method</b></td>
<td width="30%"><b>Exception</b></td>
<td width="10%"><b>Time (seconds)</b></td>
<td><b>Instance</b></td>
</tr>
<tr>
<td title='com.webtek.testcases.SanityTest1.UserSignUpBeforePurchase()'><b>UserSignUpBeforePurchase</b><br>Test class: com.webtek.testcases.SanityTest1<br>Parameters: ABC, DEF, password, ABC, DEF, company, Kalikapur, Ruby, kolkata, 00000, 9748888983, kolkata, DRESSES, Summer dress, S, Orange</td>
<td><div><pre>org.openqa.selenium.NoSuchWindowException: Window not found. The browser window may have been closed.
Command duration or timeout: 385 milliseconds
Build info: version: &apos;2.45.0&apos;, revision: &apos;5017cb8e7ca8e37638dc3091b2440b90a1d8686f&apos;, time: &apos;2015-02-27 09:10:26&apos;
System info: host: &apos;gargi-PC&apos;, ip: &apos;192.168.16.2&apos;, os.name: &apos;Windows 7&apos;, os.arch: &apos;amd64&apos;, os.version: &apos;6.1&apos;, java.version: &apos;1.8.0_40&apos;
Driver info: org.openqa.selenium.firefox.FirefoxDriver
Capabilities [{applicationCacheEnabled=true, rotatable=false, handlesAlerts=true, databaseEnabled=true, version=38.0.5, platform=WINDOWS, nativeEvents=false, acceptSslCerts=true, webStorageEnabled=true, locationContextEnabled=true, browserName=firefox, takesScreenshot=true, javascriptEnabled=true, cssSelectorsEnabled=true}]
Session ID: a664ef84-3e5f-43ea-a19b-959b915e7090
*** Element info: {Using=css selector, value=#lastname}
	at sun.reflect.NativeConstructorAccessorImpl.newInstance0(Native Method)
	at sun.reflect.NativeConstructorAccessorImpl.newInstance(Unknown Source)
	at sun.reflect.DelegatingConstructorAccessorImpl.newInstance(Unknown Source)
	at java.lang.reflect.Constructor.newInstance(Unknown Source)
	at org.openqa.selenium.remote.ErrorHandler.createThrowable(ErrorHandler.java:204)
	at org.openqa.selenium.remote.ErrorHandler.throwIfResponseFailed(ErrorHandler.java:156)
	at org.openqa.selenium.remote.RemoteWebDriver.execute(RemoteWebDriver.java:599)
	at org.openqa.selenium.remote.RemoteWebDriver.findElement(RemoteWebDriver.java:352)
	at org.openqa.selenium.remote.RemoteWebDriver.findElementByCssSelector(RemoteWebDriver.java:441)
	at org.openqa.selenium.By$ByCssSelector.findElement(By.java:425)
	at org.openqa.selenium.remote.RemoteWebDriver.findElement(RemoteWebDriver.java:344)
	at org.openqa.selenium.support.pagefactory.DefaultElementLocator.findElement(DefaultElementLocator.java:59)
	at org.openqa.selenium.support.pagefactory.internal.LocatingElementHandler.invoke(LocatingElementHandler.java:37)
	at com.sun.proxy.$Proxy7.sendKeys(Unknown Source)
	at com.webtek.actions.SignUpBeforePurchaseAction.execute_signupUser(SignUpBeforePurchaseAction.java:61)
	at com.webtek.testcases.SanityTest1.UserSignUpBeforePurchase(SanityTest1.java:60)
	at sun.reflect.NativeMethodAccessorImpl.invoke0(Native Method)
	at sun.reflect.NativeMethodAccessorImpl.invoke(Unknown Source)
	at sun.reflect.DelegatingMethodAccessorImpl.invoke(Unknown Source)
	at java.lang.reflect.Method.invoke(Unknown Source)
	at org.testng.internal.MethodInvocationHelper.invokeMethod(MethodInvocationHelper.java:84)
	at org.testng.internal.Invoker.invokeMethod(Invoker.java:714)
	at org.testng.internal.Invoker.invokeTestMethod(Invoker.java:901)
	at org.testng.internal.Invoker.invokeTestMethods(Invoker.java:1231)
	at org.testng.internal.TestMethodWorker.invokeTestMethods(TestMethodWorker.java:127)
	at org.testng.internal.TestMethodWorker.run(TestMethodWorker.java:111)
	at org.testng.TestRunner.privateRun(TestRunner.java:767)
	at org.testng.TestRunner.run(TestRunner.java:617)
	at org.testng.SuiteRunner.runTest(SuiteRunner.java:334)
	at org.testng.SuiteRunner.runSequentially(SuiteRunner.java:329)
	at org.testng.SuiteRunner.privateRun(SuiteRunner.java:291)
	at org.testng.SuiteRunner.run(SuiteRunner.java:240)
	at org.testng.SuiteRunnerWorker.runSuite(SuiteRunnerWorker.java:52)
	at org.testng.SuiteRunnerWorker.run(SuiteRunnerWorker.java:86)
	at org.testng.TestNG.runSuitesSequentially(TestNG.java:1224)
	at org.testng.TestNG.runSuitesLocally(TestNG.java:1149)
	at org.testng.TestNG.run(TestNG.java:1057)
	at org.testng.remote.RemoteTestNG.run(RemoteTestNG.java:111)
	at org.testng.remote.RemoteTestNG.initAndRun(RemoteTestNG.java:204)
	at org.testng.remote.RemoteTestNG.main(RemoteTestNG.java:175)
Caused by: org.openqa.selenium.NoSuchWindowException: Window not found. The browser window may have been closed.
Build info: version: &apos;2.45.0&apos;, revision: &apos;5017cb8e7ca8e37638dc3091b2440b90a1d8686f&apos;, time: &apos;2015-02-27 09:10:26&apos;
System info: host: &apos;gargi-PC&apos;, ip: &apos;192.168.16.2&apos;, os.name: &apos;Windows 7&apos;, os.arch: &apos;amd64&apos;, os.version: &apos;6.1&apos;, java.version: &apos;1.8.0_40&apos;
Driver info: driver.version: unknown
	at &lt;anonymous class&gt;.nsCommandProcessor.prototype.execute(file:///C:/Users/gargi/AppData/Local/Temp/anonymous8796447442198751362webdriver-profile/extensions/fxdriver@googlecode.com/components/command-processor.js:12343)
	at &lt;anonymous class&gt;.Dispatcher.executeAs/&lt;(file:///C:/Users/gargi/AppData/Local/Temp/anonymous8796447442198751362webdriver-profile/extensions/fxdriver@googlecode.com/components/driver-component.js:9061)
	at &lt;anonymous class&gt;.Resource.prototype.handle(file:///C:/Users/gargi/AppData/Local/Temp/anonymous8796447442198751362webdriver-profile/extensions/fxdriver@googlecode.com/components/driver-component.js:9208)
	at &lt;anonymous class&gt;.Dispatcher.prototype.dispatch(file:///C:/Users/gargi/AppData/Local/Temp/anonymous8796447442198751362webdriver-profile/extensions/fxdriver@googlecode.com/components/driver-component.js:9155)
	at &lt;anonymous class&gt;.WebDriverServer/&lt;.handle(file:///C:/Users/gargi/AppData/Local/Temp/anonymous8796447442198751362webdriver-profile/extensions/fxdriver@googlecode.com/components/driver-component.js:12128)
	at &lt;anonymous class&gt;.createHandlerFunc/&lt;(file:///C:/Users/gargi/AppData/Local/Temp/anonymous8796447442198751362webdriver-profile/extensions/fxdriver@googlecode.com/components/httpd.js:2058)
	at &lt;anonymous class&gt;.ServerHandler.prototype.handleResponse(file:///C:/Users/gargi/AppData/Local/Temp/anonymous8796447442198751362webdriver-profile/extensions/fxdriver@googlecode.com/components/httpd.js:2391)
	at &lt;anonymous class&gt;.Connection.prototype.process(file:///C:/Users/gargi/AppData/Local/Temp/anonymous8796447442198751362webdriver-profile/extensions/fxdriver@googlecode.com/components/httpd.js:1227)
	at &lt;anonymous class&gt;.RequestReader.prototype._handleResponse(file:///C:/Users/gargi/AppData/Local/Temp/anonymous8796447442198751362webdriver-profile/extensions/fxdriver@googlecode.com/components/httpd.js:1681)
	at &lt;anonymous class&gt;.RequestReader.prototype._processBody(file:///C:/Users/gargi/AppData/Local/Temp/anonymous8796447442198751362webdriver-profile/extensions/fxdriver@googlecode.com/components/httpd.js:1529)
	at &lt;anonymous class&gt;.RequestReader.prototype.onInputStreamReady(file:///C:/Users/gargi/AppData/Local/Temp/anonymous8796447442198751362webdriver-profile/extensions/fxdriver@googlecode.com/components/httpd.js:1397)
</pre></div><a href='#' onClick='toggleBox("stack-trace726408598", this, "Click to show all stack frames", "Click to hide stack frames")'>Click to show all stack frames</a>
<div class='stack-trace' id='stack-trace726408598'><pre>org.openqa.selenium.NoSuchWindowException: Window not found. The browser window may have been closed.
Command duration or timeout: 385 milliseconds
Build info: version: &apos;2.45.0&apos;, revision: &apos;5017cb8e7ca8e37638dc3091b2440b90a1d8686f&apos;, time: &apos;2015-02-27 09:10:26&apos;
System info: host: &apos;gargi-PC&apos;, ip: &apos;192.168.16.2&apos;, os.name: &apos;Windows 7&apos;, os.arch: &apos;amd64&apos;, os.version: &apos;6.1&apos;, java.version: &apos;1.8.0_40&apos;
Driver info: org.openqa.selenium.firefox.FirefoxDriver
Capabilities [{applicationCacheEnabled=true, rotatable=false, handlesAlerts=true, databaseEnabled=true, version=38.0.5, platform=WINDOWS, nativeEvents=false, acceptSslCerts=true, webStorageEnabled=true, locationContextEnabled=true, browserName=firefox, takesScreenshot=true, javascriptEnabled=true, cssSelectorsEnabled=true}]
Session ID: a664ef84-3e5f-43ea-a19b-959b915e7090
*** Element info: {Using=css selector, value=#lastname}
	at sun.reflect.NativeConstructorAccessorImpl.newInstance0(Native Method)
	at sun.reflect.NativeConstructorAccessorImpl.newInstance(Unknown Source)
	at sun.reflect.DelegatingConstructorAccessorImpl.newInstance(Unknown Source)
	at java.lang.reflect.Constructor.newInstance(Unknown Source)
	at org.openqa.selenium.remote.ErrorHandler.createThrowable(ErrorHandler.java:204)
	at org.openqa.selenium.remote.ErrorHandler.throwIfResponseFailed(ErrorHandler.java:156)
	at org.openqa.selenium.remote.RemoteWebDriver.execute(RemoteWebDriver.java:599)
	at org.openqa.selenium.remote.RemoteWebDriver.findElement(RemoteWebDriver.java:352)
	at org.openqa.selenium.remote.RemoteWebDriver.findElementByCssSelector(RemoteWebDriver.java:441)
	at org.openqa.selenium.By$ByCssSelector.findElement(By.java:425)
	at org.openqa.selenium.remote.RemoteWebDriver.findElement(RemoteWebDriver.java:344)
	at org.openqa.selenium.support.pagefactory.DefaultElementLocator.findElement(DefaultElementLocator.java:59)
	at org.openqa.selenium.support.pagefactory.internal.LocatingElementHandler.invoke(LocatingElementHandler.java:37)
	at com.sun.proxy.$Proxy7.sendKeys(Unknown Source)
	at com.webtek.actions.SignUpBeforePurchaseAction.execute_signupUser(SignUpBeforePurchaseAction.java:61)
	at com.webtek.testcases.SanityTest1.UserSignUpBeforePurchase(SanityTest1.java:60)
	at sun.reflect.NativeMethodAccessorImpl.invoke0(Native Method)
	at sun.reflect.NativeMethodAccessorImpl.invoke(Unknown Source)
	at sun.reflect.DelegatingMethodAccessorImpl.invoke(Unknown Source)
	at java.lang.reflect.Method.invoke(Unknown Source)
	at org.testng.internal.MethodInvocationHelper.invokeMethod(MethodInvocationHelper.java:84)
	at org.testng.internal.Invoker.invokeMethod(Invoker.java:714)
	at org.testng.internal.Invoker.invokeTestMethod(Invoker.java:901)
	at org.testng.internal.Invoker.invokeTestMethods(Invoker.java:1231)
	at org.testng.internal.TestMethodWorker.invokeTestMethods(TestMethodWorker.java:127)
	at org.testng.internal.TestMethodWorker.run(TestMethodWorker.java:111)
	at org.testng.TestRunner.privateRun(TestRunner.java:767)
	at org.testng.TestRunner.run(TestRunner.java:617)
	at org.testng.SuiteRunner.runTest(SuiteRunner.java:334)
	at org.testng.SuiteRunner.runSequentially(SuiteRunner.java:329)
	at org.testng.SuiteRunner.privateRun(SuiteRunner.java:291)
	at org.testng.SuiteRunner.run(SuiteRunner.java:240)
	at org.testng.SuiteRunnerWorker.runSuite(SuiteRunnerWorker.java:52)
	at org.testng.SuiteRunnerWorker.run(SuiteRunnerWorker.java:86)
	at org.testng.TestNG.runSuitesSequentially(TestNG.java:1224)
	at org.testng.TestNG.runSuitesLocally(TestNG.java:1149)
	at org.testng.TestNG.run(TestNG.java:1057)
	at org.testng.remote.RemoteTestNG.run(RemoteTestNG.java:111)
	at org.testng.remote.RemoteTestNG.initAndRun(RemoteTestNG.java:204)
	at org.testng.remote.RemoteTestNG.main(RemoteTestNG.java:175)
Caused by: org.openqa.selenium.NoSuchWindowException: Window not found. The browser window may have been closed.
Build info: version: &apos;2.45.0&apos;, revision: &apos;5017cb8e7ca8e37638dc3091b2440b90a1d8686f&apos;, time: &apos;2015-02-27 09:10:26&apos;
System info: host: &apos;gargi-PC&apos;, ip: &apos;192.168.16.2&apos;, os.name: &apos;Windows 7&apos;, os.arch: &apos;amd64&apos;, os.version: &apos;6.1&apos;, java.version: &apos;1.8.0_40&apos;
Driver info: driver.version: unknown
	at &lt;anonymous class&gt;.nsCommandProcessor.prototype.execute(file:///C:/Users/gargi/AppData/Local/Temp/anonymous8796447442198751362webdriver-profile/extensions/fxdriver@googlecode.com/components/command-processor.js:12343)
	at &lt;anonymous class&gt;.Dispatcher.executeAs/&lt;(file:///C:/Users/gargi/AppData/Local/Temp/anonymous8796447442198751362webdriver-profile/extensions/fxdriver@googlecode.com/components/driver-component.js:9061)
	at &lt;anonymous class&gt;.Resource.prototype.handle(file:///C:/Users/gargi/AppData/Local/Temp/anonymous8796447442198751362webdriver-profile/extensions/fxdriver@googlecode.com/components/driver-component.js:9208)
	at &lt;anonymous class&gt;.Dispatcher.prototype.dispatch(file:///C:/Users/gargi/AppData/Local/Temp/anonymous8796447442198751362webdriver-profile/extensions/fxdriver@googlecode.com/components/driver-component.js:9155)
	at &lt;anonymous class&gt;.WebDriverServer/&lt;.handle(file:///C:/Users/gargi/AppData/Local/Temp/anonymous8796447442198751362webdriver-profile/extensions/fxdriver@googlecode.com/components/driver-component.js:12128)
	at &lt;anonymous class&gt;.createHandlerFunc/&lt;(file:///C:/Users/gargi/AppData/Local/Temp/anonymous8796447442198751362webdriver-profile/extensions/fxdriver@googlecode.com/components/httpd.js:2058)
	at &lt;anonymous class&gt;.ServerHandler.prototype.handleResponse(file:///C:/Users/gargi/AppData/Local/Temp/anonymous8796447442198751362webdriver-profile/extensions/fxdriver@googlecode.com/components/httpd.js:2391)
	at &lt;anonymous class&gt;.Connection.prototype.process(file:///C:/Users/gargi/AppData/Local/Temp/anonymous8796447442198751362webdriver-profile/extensions/fxdriver@googlecode.com/components/httpd.js:1227)
	at &lt;anonymous class&gt;.RequestReader.prototype._handleResponse(file:///C:/Users/gargi/AppData/Local/Temp/anonymous8796447442198751362webdriver-profile/extensions/fxdriver@googlecode.com/components/httpd.js:1681)
	at &lt;anonymous class&gt;.RequestReader.prototype._processBody(file:///C:/Users/gargi/AppData/Local/Temp/anonymous8796447442198751362webdriver-profile/extensions/fxdriver@googlecode.com/components/httpd.js:1529)
	at &lt;anonymous class&gt;.RequestReader.prototype.onInputStreamReady(file:///C:/Users/gargi/AppData/Local/Temp/anonymous8796447442198751362webdriver-profile/extensions/fxdriver@googlecode.com/components/httpd.js:1397)
</pre></div></td>
<td>11</td>
<td>com.webtek.testcases.SanityTest1@d7b1517</td></tr>
<tr>
<td title='com.webtek.testcases.SanityTest1.UserSignUpBeforePurchase()'><b>UserSignUpBeforePurchase</b><br>Test class: com.webtek.testcases.SanityTest1<br>Parameters: XXX, YYY, password, XXX, YYY, companyXXX, Kalikapur, Ruby, DURGAPUR, 09990, 9748822983, DURGAPUR, DRESSES, Evening dress, L, Pink</td>
<td><div><pre>org.openqa.selenium.NoSuchWindowException: Window not found. The browser window may have been closed.
Command duration or timeout: 57 milliseconds
Build info: version: &apos;2.45.0&apos;, revision: &apos;5017cb8e7ca8e37638dc3091b2440b90a1d8686f&apos;, time: &apos;2015-02-27 09:10:26&apos;
System info: host: &apos;gargi-PC&apos;, ip: &apos;192.168.16.2&apos;, os.name: &apos;Windows 7&apos;, os.arch: &apos;amd64&apos;, os.version: &apos;6.1&apos;, java.version: &apos;1.8.0_40&apos;
Driver info: org.openqa.selenium.firefox.FirefoxDriver
Capabilities [{applicationCacheEnabled=true, rotatable=false, handlesAlerts=true, databaseEnabled=true, version=38.0.5, platform=WINDOWS, nativeEvents=false, acceptSslCerts=true, webStorageEnabled=true, locationContextEnabled=true, browserName=firefox, takesScreenshot=true, javascriptEnabled=true, cssSelectorsEnabled=true}]
Session ID: a664ef84-3e5f-43ea-a19b-959b915e7090
*** Element info: {Using=class name, value=login}
	at sun.reflect.NativeConstructorAccessorImpl.newInstance0(Native Method)
	at sun.reflect.NativeConstructorAccessorImpl.newInstance(Unknown Source)
	at sun.reflect.DelegatingConstructorAccessorImpl.newInstance(Unknown Source)
	at java.lang.reflect.Constructor.newInstance(Unknown Source)
	at org.openqa.selenium.remote.ErrorHandler.createThrowable(ErrorHandler.java:204)
	at org.openqa.selenium.remote.ErrorHandler.throwIfResponseFailed(ErrorHandler.java:156)
	at org.openqa.selenium.remote.RemoteWebDriver.execute(RemoteWebDriver.java:599)
	at org.openqa.selenium.remote.RemoteWebDriver.findElement(RemoteWebDriver.java:352)
	at org.openqa.selenium.remote.RemoteWebDriver.findElementByClassName(RemoteWebDriver.java:433)
	at org.openqa.selenium.By$ByClassName.findElement(By.java:387)
	at org.openqa.selenium.remote.RemoteWebDriver.findElement(RemoteWebDriver.java:344)
	at org.openqa.selenium.support.pagefactory.DefaultElementLocator.findElement(DefaultElementLocator.java:59)
	at org.openqa.selenium.support.pagefactory.internal.LocatingElementHandler.invoke(LocatingElementHandler.java:37)
	at com.sun.proxy.$Proxy7.click(Unknown Source)
	at com.webtek.actions.SignUpBeforePurchaseAction.execute_signupUser(SignUpBeforePurchaseAction.java:31)
	at com.webtek.testcases.SanityTest1.UserSignUpBeforePurchase(SanityTest1.java:60)
	at sun.reflect.NativeMethodAccessorImpl.invoke0(Native Method)
	at sun.reflect.NativeMethodAccessorImpl.invoke(Unknown Source)
	at sun.reflect.DelegatingMethodAccessorImpl.invoke(Unknown Source)
	at java.lang.reflect.Method.invoke(Unknown Source)
	at org.testng.internal.MethodInvocationHelper.invokeMethod(MethodInvocationHelper.java:84)
	at org.testng.internal.Invoker.invokeMethod(Invoker.java:714)
	at org.testng.internal.Invoker.invokeTestMethod(Invoker.java:901)
	at org.testng.internal.Invoker.invokeTestMethods(Invoker.java:1231)
	at org.testng.internal.TestMethodWorker.invokeTestMethods(TestMethodWorker.java:127)
	at org.testng.internal.TestMethodWorker.run(TestMethodWorker.java:111)
	at org.testng.TestRunner.privateRun(TestRunner.java:767)
	at org.testng.TestRunner.run(TestRunner.java:617)
	at org.testng.SuiteRunner.runTest(SuiteRunner.java:334)
	at org.testng.SuiteRunner.runSequentially(SuiteRunner.java:329)
	at org.testng.SuiteRunner.privateRun(SuiteRunner.java:291)
	at org.testng.SuiteRunner.run(SuiteRunner.java:240)
	at org.testng.SuiteRunnerWorker.runSuite(SuiteRunnerWorker.java:52)
	at org.testng.SuiteRunnerWorker.run(SuiteRunnerWorker.java:86)
	at org.testng.TestNG.runSuitesSequentially(TestNG.java:1224)
	at org.testng.TestNG.runSuitesLocally(TestNG.java:1149)
	at org.testng.TestNG.run(TestNG.java:1057)
	at org.testng.remote.RemoteTestNG.run(RemoteTestNG.java:111)
	at org.testng.remote.RemoteTestNG.initAndRun(RemoteTestNG.java:204)
	at org.testng.remote.RemoteTestNG.main(RemoteTestNG.java:175)
Caused by: org.openqa.selenium.NoSuchWindowException: Window not found. The browser window may have been closed.
Build info: version: &apos;2.45.0&apos;, revision: &apos;5017cb8e7ca8e37638dc3091b2440b90a1d8686f&apos;, time: &apos;2015-02-27 09:10:26&apos;
System info: host: &apos;gargi-PC&apos;, ip: &apos;192.168.16.2&apos;, os.name: &apos;Windows 7&apos;, os.arch: &apos;amd64&apos;, os.version: &apos;6.1&apos;, java.version: &apos;1.8.0_40&apos;
Driver info: driver.version: unknown
	at &lt;anonymous class&gt;.nsCommandProcessor.prototype.execute(file:///C:/Users/gargi/AppData/Local/Temp/anonymous8796447442198751362webdriver-profile/extensions/fxdriver@googlecode.com/components/command-processor.js:12343)
	at &lt;anonymous class&gt;.Dispatcher.executeAs/&lt;(file:///C:/Users/gargi/AppData/Local/Temp/anonymous8796447442198751362webdriver-profile/extensions/fxdriver@googlecode.com/components/driver-component.js:9061)
	at &lt;anonymous class&gt;.Resource.prototype.handle(file:///C:/Users/gargi/AppData/Local/Temp/anonymous8796447442198751362webdriver-profile/extensions/fxdriver@googlecode.com/components/driver-component.js:9208)
	at &lt;anonymous class&gt;.Dispatcher.prototype.dispatch(file:///C:/Users/gargi/AppData/Local/Temp/anonymous8796447442198751362webdriver-profile/extensions/fxdriver@googlecode.com/components/driver-component.js:9155)
	at &lt;anonymous class&gt;.WebDriverServer/&lt;.handle(file:///C:/Users/gargi/AppData/Local/Temp/anonymous8796447442198751362webdriver-profile/extensions/fxdriver@googlecode.com/components/driver-component.js:12128)
	at &lt;anonymous class&gt;.createHandlerFunc/&lt;(file:///C:/Users/gargi/AppData/Local/Temp/anonymous8796447442198751362webdriver-profile/extensions/fxdriver@googlecode.com/components/httpd.js:2058)
	at &lt;anonymous class&gt;.ServerHandler.prototype.handleResponse(file:///C:/Users/gargi/AppData/Local/Temp/anonymous8796447442198751362webdriver-profile/extensions/fxdriver@googlecode.com/components/httpd.js:2391)
	at &lt;anonymous class&gt;.Connection.prototype.process(file:///C:/Users/gargi/AppData/Local/Temp/anonymous8796447442198751362webdriver-profile/extensions/fxdriver@googlecode.com/components/httpd.js:1227)
	at &lt;anonymous class&gt;.RequestReader.prototype._handleResponse(file:///C:/Users/gargi/AppData/Local/Temp/anonymous8796447442198751362webdriver-profile/extensions/fxdriver@googlecode.com/components/httpd.js:1681)
	at &lt;anonymous class&gt;.RequestReader.prototype._processBody(file:///C:/Users/gargi/AppData/Local/Temp/anonymous8796447442198751362webdriver-profile/extensions/fxdriver@googlecode.com/components/httpd.js:1529)
	at &lt;anonymous class&gt;.RequestReader.prototype.onInputStreamReady(file:///C:/Users/gargi/AppData/Local/Temp/anonymous8796447442198751362webdriver-profile/extensions/fxdriver@googlecode.com/components/httpd.js:1397)
</pre></div><a href='#' onClick='toggleBox("stack-trace1307950260", this, "Click to show all stack frames", "Click to hide stack frames")'>Click to show all stack frames</a>
<div class='stack-trace' id='stack-trace1307950260'><pre>org.openqa.selenium.NoSuchWindowException: Window not found. The browser window may have been closed.
Command duration or timeout: 57 milliseconds
Build info: version: &apos;2.45.0&apos;, revision: &apos;5017cb8e7ca8e37638dc3091b2440b90a1d8686f&apos;, time: &apos;2015-02-27 09:10:26&apos;
System info: host: &apos;gargi-PC&apos;, ip: &apos;192.168.16.2&apos;, os.name: &apos;Windows 7&apos;, os.arch: &apos;amd64&apos;, os.version: &apos;6.1&apos;, java.version: &apos;1.8.0_40&apos;
Driver info: org.openqa.selenium.firefox.FirefoxDriver
Capabilities [{applicationCacheEnabled=true, rotatable=false, handlesAlerts=true, databaseEnabled=true, version=38.0.5, platform=WINDOWS, nativeEvents=false, acceptSslCerts=true, webStorageEnabled=true, locationContextEnabled=true, browserName=firefox, takesScreenshot=true, javascriptEnabled=true, cssSelectorsEnabled=true}]
Session ID: a664ef84-3e5f-43ea-a19b-959b915e7090
*** Element info: {Using=class name, value=login}
	at sun.reflect.NativeConstructorAccessorImpl.newInstance0(Native Method)
	at sun.reflect.NativeConstructorAccessorImpl.newInstance(Unknown Source)
	at sun.reflect.DelegatingConstructorAccessorImpl.newInstance(Unknown Source)
	at java.lang.reflect.Constructor.newInstance(Unknown Source)
	at org.openqa.selenium.remote.ErrorHandler.createThrowable(ErrorHandler.java:204)
	at org.openqa.selenium.remote.ErrorHandler.throwIfResponseFailed(ErrorHandler.java:156)
	at org.openqa.selenium.remote.RemoteWebDriver.execute(RemoteWebDriver.java:599)
	at org.openqa.selenium.remote.RemoteWebDriver.findElement(RemoteWebDriver.java:352)
	at org.openqa.selenium.remote.RemoteWebDriver.findElementByClassName(RemoteWebDriver.java:433)
	at org.openqa.selenium.By$ByClassName.findElement(By.java:387)
	at org.openqa.selenium.remote.RemoteWebDriver.findElement(RemoteWebDriver.java:344)
	at org.openqa.selenium.support.pagefactory.DefaultElementLocator.findElement(DefaultElementLocator.java:59)
	at org.openqa.selenium.support.pagefactory.internal.LocatingElementHandler.invoke(LocatingElementHandler.java:37)
	at com.sun.proxy.$Proxy7.click(Unknown Source)
	at com.webtek.actions.SignUpBeforePurchaseAction.execute_signupUser(SignUpBeforePurchaseAction.java:31)
	at com.webtek.testcases.SanityTest1.UserSignUpBeforePurchase(SanityTest1.java:60)
	at sun.reflect.NativeMethodAccessorImpl.invoke0(Native Method)
	at sun.reflect.NativeMethodAccessorImpl.invoke(Unknown Source)
	at sun.reflect.DelegatingMethodAccessorImpl.invoke(Unknown Source)
	at java.lang.reflect.Method.invoke(Unknown Source)
	at org.testng.internal.MethodInvocationHelper.invokeMethod(MethodInvocationHelper.java:84)
	at org.testng.internal.Invoker.invokeMethod(Invoker.java:714)
	at org.testng.internal.Invoker.invokeTestMethod(Invoker.java:901)
	at org.testng.internal.Invoker.invokeTestMethods(Invoker.java:1231)
	at org.testng.internal.TestMethodWorker.invokeTestMethods(TestMethodWorker.java:127)
	at org.testng.internal.TestMethodWorker.run(TestMethodWorker.java:111)
	at org.testng.TestRunner.privateRun(TestRunner.java:767)
	at org.testng.TestRunner.run(TestRunner.java:617)
	at org.testng.SuiteRunner.runTest(SuiteRunner.java:334)
	at org.testng.SuiteRunner.runSequentially(SuiteRunner.java:329)
	at org.testng.SuiteRunner.privateRun(SuiteRunner.java:291)
	at org.testng.SuiteRunner.run(SuiteRunner.java:240)
	at org.testng.SuiteRunnerWorker.runSuite(SuiteRunnerWorker.java:52)
	at org.testng.SuiteRunnerWorker.run(SuiteRunnerWorker.java:86)
	at org.testng.TestNG.runSuitesSequentially(TestNG.java:1224)
	at org.testng.TestNG.runSuitesLocally(TestNG.java:1149)
	at org.testng.TestNG.run(TestNG.java:1057)
	at org.testng.remote.RemoteTestNG.run(RemoteTestNG.java:111)
	at org.testng.remote.RemoteTestNG.initAndRun(RemoteTestNG.java:204)
	at org.testng.remote.RemoteTestNG.main(RemoteTestNG.java:175)
Caused by: org.openqa.selenium.NoSuchWindowException: Window not found. The browser window may have been closed.
Build info: version: &apos;2.45.0&apos;, revision: &apos;5017cb8e7ca8e37638dc3091b2440b90a1d8686f&apos;, time: &apos;2015-02-27 09:10:26&apos;
System info: host: &apos;gargi-PC&apos;, ip: &apos;192.168.16.2&apos;, os.name: &apos;Windows 7&apos;, os.arch: &apos;amd64&apos;, os.version: &apos;6.1&apos;, java.version: &apos;1.8.0_40&apos;
Driver info: driver.version: unknown
	at &lt;anonymous class&gt;.nsCommandProcessor.prototype.execute(file:///C:/Users/gargi/AppData/Local/Temp/anonymous8796447442198751362webdriver-profile/extensions/fxdriver@googlecode.com/components/command-processor.js:12343)
	at &lt;anonymous class&gt;.Dispatcher.executeAs/&lt;(file:///C:/Users/gargi/AppData/Local/Temp/anonymous8796447442198751362webdriver-profile/extensions/fxdriver@googlecode.com/components/driver-component.js:9061)
	at &lt;anonymous class&gt;.Resource.prototype.handle(file:///C:/Users/gargi/AppData/Local/Temp/anonymous8796447442198751362webdriver-profile/extensions/fxdriver@googlecode.com/components/driver-component.js:9208)
	at &lt;anonymous class&gt;.Dispatcher.prototype.dispatch(file:///C:/Users/gargi/AppData/Local/Temp/anonymous8796447442198751362webdriver-profile/extensions/fxdriver@googlecode.com/components/driver-component.js:9155)
	at &lt;anonymous class&gt;.WebDriverServer/&lt;.handle(file:///C:/Users/gargi/AppData/Local/Temp/anonymous8796447442198751362webdriver-profile/extensions/fxdriver@googlecode.com/components/driver-component.js:12128)
	at &lt;anonymous class&gt;.createHandlerFunc/&lt;(file:///C:/Users/gargi/AppData/Local/Temp/anonymous8796447442198751362webdriver-profile/extensions/fxdriver@googlecode.com/components/httpd.js:2058)
	at &lt;anonymous class&gt;.ServerHandler.prototype.handleResponse(file:///C:/Users/gargi/AppData/Local/Temp/anonymous8796447442198751362webdriver-profile/extensions/fxdriver@googlecode.com/components/httpd.js:2391)
	at &lt;anonymous class&gt;.Connection.prototype.process(file:///C:/Users/gargi/AppData/Local/Temp/anonymous8796447442198751362webdriver-profile/extensions/fxdriver@googlecode.com/components/httpd.js:1227)
	at &lt;anonymous class&gt;.RequestReader.prototype._handleResponse(file:///C:/Users/gargi/AppData/Local/Temp/anonymous8796447442198751362webdriver-profile/extensions/fxdriver@googlecode.com/components/httpd.js:1681)
	at &lt;anonymous class&gt;.RequestReader.prototype._processBody(file:///C:/Users/gargi/AppData/Local/Temp/anonymous8796447442198751362webdriver-profile/extensions/fxdriver@googlecode.com/components/httpd.js:1529)
	at &lt;anonymous class&gt;.RequestReader.prototype.onInputStreamReady(file:///C:/Users/gargi/AppData/Local/Temp/anonymous8796447442198751362webdriver-profile/extensions/fxdriver@googlecode.com/components/httpd.js:1397)
</pre></div></td>
<td>0</td>
<td>com.webtek.testcases.SanityTest1@d7b1517</td></tr>
</table><p>
</body>
</html>